{"contracts\\NFTMarketplace.sol":{"l":{"55":13,"56":13,"57":1,"59":12,"67":17,"68":17,"69":17,"70":3,"72":14,"76":9,"77":9,"78":3,"80":6,"83":0,"84":0,"86":0,"90":3,"107":11,"108":0,"110":11,"111":11,"112":1,"114":10,"115":10,"124":3,"125":3,"126":1,"128":2,"129":2,"130":2,"131":2,"139":1,"140":1,"148":1,"149":1,"153":2,"154":2,"155":1,"157":1,"158":1,"159":1,"160":0,"173":3,"177":2,"181":0},"path":"C:\\Users\\Admin\\Desktop\\code\\BT\\Projects\\NFT-Marketplace\\contracts\\NFTMarketplace.sol","s":{"1":13,"2":13,"3":17,"4":17,"5":17,"6":9,"7":9,"8":0,"9":11,"10":11,"11":11,"12":10,"13":3,"14":3,"15":2,"16":2,"17":1,"18":1,"19":2,"20":2,"21":1,"22":1,"23":3,"24":2},"b":{"1":[1,12],"2":[3,14],"3":[3,6],"4":[0,0],"5":[12,1],"6":[11,1],"7":[0,11],"8":[1,10],"9":[4,0],"10":[3,1],"11":[1,2],"12":[2,1],"13":[1,1],"14":[2,1],"15":[1,1],"16":[1,1],"17":[0,1],"18":[0,0]},"f":{"1":13,"2":17,"3":9,"4":0,"5":3,"6":11,"7":3,"8":1,"9":1,"10":2,"11":3,"12":2,"13":0},"fnMap":{"1":{"name":"notListed","line":50,"loc":{"start":{"line":50,"column":4},"end":{"line":60,"column":4}}},"2":{"name":"isOwner","line":62,"loc":{"start":{"line":62,"column":4},"end":{"line":73,"column":4}}},"3":{"name":"isListed","line":75,"loc":{"start":{"line":75,"column":4},"end":{"line":81,"column":4}}},"4":{"name":"onlyOwner","line":82,"loc":{"start":{"line":82,"column":4},"end":{"line":87,"column":4}}},"5":{"name":"constructor","line":89,"loc":{"start":{"line":89,"column":4},"end":{"line":91,"column":4}}},"6":{"name":"listItem","line":106,"loc":{"start":{"line":102,"column":4},"end":{"line":116,"column":4}}},"7":{"name":"buyItem","line":122,"loc":{"start":{"line":118,"column":4},"end":{"line":132,"column":4}}},"8":{"name":"cancelListing","line":137,"loc":{"start":{"line":134,"column":4},"end":{"line":141,"column":4}}},"9":{"name":"updateListing","line":147,"loc":{"start":{"line":143,"column":4},"end":{"line":150,"column":4}}},"10":{"name":"withdrawProceeds","line":152,"loc":{"start":{"line":152,"column":4},"end":{"line":162,"column":4}}},"11":{"name":"getListing","line":168,"loc":{"start":{"line":168,"column":4},"end":{"line":174,"column":4}}},"12":{"name":"getProceeds","line":176,"loc":{"start":{"line":176,"column":4},"end":{"line":178,"column":4}}},"13":{"name":"getAmountLocked","line":180,"loc":{"start":{"line":180,"column":4},"end":{"line":182,"column":4}}}},"statementMap":{"1":{"start":{"line":55,"column":8},"end":{"line":55,"column":64}},"2":{"start":{"line":56,"column":8},"end":{"line":56,"column":1922}},"3":{"start":{"line":67,"column":8},"end":{"line":67,"column":41}},"4":{"start":{"line":68,"column":8},"end":{"line":68,"column":44}},"5":{"start":{"line":69,"column":8},"end":{"line":69,"column":2263}},"6":{"start":{"line":76,"column":8},"end":{"line":76,"column":64}},"7":{"start":{"line":77,"column":8},"end":{"line":77,"column":2505}},"8":{"start":{"line":83,"column":8},"end":{"line":83,"column":2666}},"9":{"start":{"line":107,"column":8},"end":{"line":107,"column":3334}},"10":{"start":{"line":110,"column":8},"end":{"line":110,"column":41}},"11":{"start":{"line":111,"column":8},"end":{"line":111,"column":3476}},"12":{"start":{"line":115,"column":8},"end":{"line":115,"column":63}},"13":{"start":{"line":124,"column":8},"end":{"line":124,"column":67}},"14":{"start":{"line":125,"column":8},"end":{"line":125,"column":3988}},"15":{"start":{"line":130,"column":8},"end":{"line":130,"column":83}},"16":{"start":{"line":131,"column":8},"end":{"line":131,"column":74}},"17":{"start":{"line":140,"column":8},"end":{"line":140,"column":59}},"18":{"start":{"line":149,"column":8},"end":{"line":149,"column":66}},"19":{"start":{"line":153,"column":8},"end":{"line":153,"column":49}},"20":{"start":{"line":154,"column":8},"end":{"line":154,"column":5142}},"21":{"start":{"line":158,"column":8},"end":{"line":158,"column":72}},"22":{"start":{"line":159,"column":8},"end":{"line":159,"column":5345}},"23":{"start":{"line":173,"column":8},"end":{"line":173,"column":46}},"24":{"start":{"line":177,"column":8},"end":{"line":177,"column":33}}},"branchMap":{"1":{"line":56,"type":"if","locations":[{"start":{"line":56,"column":8},"end":{"line":56,"column":8}},{"start":{"line":56,"column":8},"end":{"line":56,"column":8}}]},"2":{"line":69,"type":"if","locations":[{"start":{"line":69,"column":8},"end":{"line":69,"column":8}},{"start":{"line":69,"column":8},"end":{"line":69,"column":8}}]},"3":{"line":77,"type":"if","locations":[{"start":{"line":77,"column":8},"end":{"line":77,"column":8}},{"start":{"line":77,"column":8},"end":{"line":77,"column":8}}]},"4":{"line":83,"type":"if","locations":[{"start":{"line":83,"column":8},"end":{"line":83,"column":8}},{"start":{"line":83,"column":8},"end":{"line":83,"column":8}}]},"5":{"line":106,"type":"if","locations":[{"start":{"line":106,"column":15},"end":{"line":106,"column":15}},{"start":{"line":106,"column":15},"end":{"line":106,"column":15}}]},"6":{"line":106,"type":"if","locations":[{"start":{"line":106,"column":58},"end":{"line":106,"column":58}},{"start":{"line":106,"column":58},"end":{"line":106,"column":58}}]},"7":{"line":107,"type":"if","locations":[{"start":{"line":107,"column":8},"end":{"line":107,"column":8}},{"start":{"line":107,"column":8},"end":{"line":107,"column":8}}]},"8":{"line":111,"type":"if","locations":[{"start":{"line":111,"column":8},"end":{"line":111,"column":8}},{"start":{"line":111,"column":8},"end":{"line":111,"column":8}}]},"9":{"line":121,"type":"if","locations":[{"start":{"line":121,"column":8},"end":{"line":121,"column":8}},{"start":{"line":121,"column":8},"end":{"line":121,"column":8}}]},"10":{"line":122,"type":"if","locations":[{"start":{"line":122,"column":8},"end":{"line":122,"column":8}},{"start":{"line":122,"column":8},"end":{"line":122,"column":8}}]},"11":{"line":125,"type":"if","locations":[{"start":{"line":125,"column":8},"end":{"line":125,"column":8}},{"start":{"line":125,"column":8},"end":{"line":125,"column":8}}]},"12":{"line":136,"type":"if","locations":[{"start":{"line":136,"column":8},"end":{"line":136,"column":8}},{"start":{"line":136,"column":8},"end":{"line":136,"column":8}}]},"13":{"line":137,"type":"if","locations":[{"start":{"line":137,"column":8},"end":{"line":137,"column":8}},{"start":{"line":137,"column":8},"end":{"line":137,"column":8}}]},"14":{"line":147,"type":"if","locations":[{"start":{"line":147,"column":15},"end":{"line":147,"column":15}},{"start":{"line":147,"column":15},"end":{"line":147,"column":15}}]},"15":{"line":147,"type":"if","locations":[{"start":{"line":147,"column":45},"end":{"line":147,"column":45}},{"start":{"line":147,"column":45},"end":{"line":147,"column":45}}]},"16":{"line":154,"type":"if","locations":[{"start":{"line":154,"column":8},"end":{"line":154,"column":8}},{"start":{"line":154,"column":8},"end":{"line":154,"column":8}}]},"17":{"line":159,"type":"if","locations":[{"start":{"line":159,"column":8},"end":{"line":159,"column":8}},{"start":{"line":159,"column":8},"end":{"line":159,"column":8}}]},"18":{"line":180,"type":"if","locations":[{"start":{"line":180,"column":44},"end":{"line":180,"column":44}},{"start":{"line":180,"column":44},"end":{"line":180,"column":44}}]}}},"contracts\\test\\BasicNft.sol":{"l":{"14":3,"18":15,"19":15,"20":15,"24":0,"25":0,"29":0},"path":"C:\\Users\\Admin\\Desktop\\code\\BT\\Projects\\NFT-Marketplace\\contracts\\test\\BasicNft.sol","s":{"1":15,"2":15,"3":0,"4":0,"5":0},"b":{"1":[0,0]},"f":{"1":3,"2":15,"3":0,"4":0},"fnMap":{"1":{"name":"constructor","line":13,"loc":{"start":{"line":13,"column":4},"end":{"line":15,"column":4}}},"2":{"name":"mintNft","line":17,"loc":{"start":{"line":17,"column":4},"end":{"line":21,"column":4}}},"3":{"name":"tokenURI","line":23,"loc":{"start":{"line":23,"column":4},"end":{"line":26,"column":4}}},"4":{"name":"getTokenCounter","line":28,"loc":{"start":{"line":28,"column":4},"end":{"line":30,"column":4}}}},"statementMap":{"1":{"start":{"line":18,"column":8},"end":{"line":18,"column":44}},"2":{"start":{"line":19,"column":8},"end":{"line":19,"column":38}},"3":{"start":{"line":24,"column":8},"end":{"line":24,"column":83}},"4":{"start":{"line":25,"column":8},"end":{"line":25,"column":24}},"5":{"start":{"line":29,"column":8},"end":{"line":29,"column":29}}},"branchMap":{"1":{"line":24,"type":"if","locations":[{"start":{"line":24,"column":8},"end":{"line":24,"column":8}},{"start":{"line":24,"column":8},"end":{"line":24,"column":8}}]}}}}